<?xml version="1.0" encoding="UTF-8"?>
<testsuite xmlns:xsi="http://www.w3.org/2001/XMLSchema-instance" xsi:schemaLocation="https://maven.apache.org/surefire/maven-surefire-plugin/xsd/surefire-test-report.xsd" name="workflow1.Ecom2.RunnerTest" time="173.518" tests="55" errors="0" skipped="0" failures="0">
  <properties>
[...]
</properties>
  <testcase name="Given I go to the Home Page" classname="Scenario: As a user I want to see if I can still login even though I have forgotten my password" time="0"/>
  <testcase name="And I click the login link" classname="Scenario: As a user I want to see if I can still login even though I have forgotten my password" time="0"/>
  <testcase name="And I click on the forgot your password link" classname="Scenario: As a user I want to see if I can still login even though I have forgotten my password" time="0"/>
  <testcase name="When I enter my email in the enter email field" classname="Scenario: As a user I want to see if I can still login even though I have forgotten my password" time="0"/>
  <testcase name="Then I click reset password" classname="Scenario: As a user I want to see if I can still login even though I have forgotten my password" time="0"/>
  <testcase name="Scenario: As a user I want to see if I can still login even though I have forgotten my password" classname="Scenario: As a user I want to see if I can still login even though I have forgotten my password" time="0"/>
  <testcase name="Given I go to the Home Page" classname="| jotesanya97@gmail.com |  | Invalid request |" time="0"/>
  <testcase name="And I click the login link" classname="| jotesanya97@gmail.com |  | Invalid request |" time="0"/>
  <testcase name="And I enter my email &quot;jotesanya97@gmail.com&quot; address" classname="| jotesanya97@gmail.com |  | Invalid request |" time="0"/>
  <testcase name="And I enter my password &quot;&quot;" classname="| jotesanya97@gmail.com |  | Invalid request |" time="0"/>
  <testcase name="When I click the login button" classname="| jotesanya97@gmail.com |  | Invalid request |" time="0"/>
  <testcase name="Then I want to see an error &quot;Invalid request&quot; error message details" classname="| jotesanya97@gmail.com |  | Invalid request |" time="0"/>
  <testcase name="| jotesanya97@gmail.com |  | Invalid request |" classname="| jotesanya97@gmail.com |  | Invalid request |" time="0"/>
  <testcase name="Given I go to the Home Page" classname="|  | Bababinraders1 | Invalid request |" time="0"/>
  <testcase name="And I click the login link" classname="|  | Bababinraders1 | Invalid request |" time="0"/>
  <testcase name="And I enter my email &quot;&quot; address" classname="|  | Bababinraders1 | Invalid request |" time="0"/>
  <testcase name="And I enter my password &quot;Bababinraders1&quot;" classname="|  | Bababinraders1 | Invalid request |" time="0"/>
  <testcase name="When I click the login button" classname="|  | Bababinraders1 | Invalid request |" time="0"/>
  <testcase name="Then I want to see an error &quot;Invalid request&quot; error message details" classname="|  | Bababinraders1 | Invalid request |" time="0"/>
  <testcase name="|  | Bababinraders1 | Invalid request |" classname="|  | Bababinraders1 | Invalid request |" time="0"/>
  <testcase name="Given I go to the Home Page" classname="| jotesanya97@gmail.com | yeezus | Invalid login |" time="0"/>
  <testcase name="And I click the login link" classname="| jotesanya97@gmail.com | yeezus | Invalid login |" time="0"/>
  <testcase name="And I enter my email &quot;jotesanya97@gmail.com&quot; address" classname="| jotesanya97@gmail.com | yeezus | Invalid login |" time="0"/>
  <testcase name="And I enter my password &quot;yeezus&quot;" classname="| jotesanya97@gmail.com | yeezus | Invalid login |" time="0"/>
  <testcase name="When I click the login button" classname="| jotesanya97@gmail.com | yeezus | Invalid login |" time="0"/>
  <testcase name="Then I want to see an error &quot;Invalid login&quot; error message details" classname="| jotesanya97@gmail.com | yeezus | Invalid login |" time="0"/>
  <testcase name="| jotesanya97@gmail.com | yeezus | Invalid login |" classname="| jotesanya97@gmail.com | yeezus | Invalid login |" time="0"/>
  <testcase name="Given I go to the Home Page" classname="| xxxxxxxxxx@gmail.com | Bababinraders1 | Invalid login |" time="0"/>
  <testcase name="And I click the login link" classname="| xxxxxxxxxx@gmail.com | Bababinraders1 | Invalid login |" time="0"/>
  <testcase name="And I enter my email &quot;xxxxxxxxxx@gmail.com&quot; address" classname="| xxxxxxxxxx@gmail.com | Bababinraders1 | Invalid login |" time="0"/>
  <testcase name="And I enter my password &quot;Bababinraders1&quot;" classname="| xxxxxxxxxx@gmail.com | Bababinraders1 | Invalid login |" time="0"/>
  <testcase name="When I click the login button" classname="| xxxxxxxxxx@gmail.com | Bababinraders1 | Invalid login |" time="0"/>
  <testcase name="Then I want to see an error &quot;Invalid login&quot; error message details" classname="| xxxxxxxxxx@gmail.com | Bababinraders1 | Invalid login |" time="0"/>
  <testcase name="| xxxxxxxxxx@gmail.com | Bababinraders1 | Invalid login |" classname="| xxxxxxxxxx@gmail.com | Bababinraders1 | Invalid login |" time="0"/>
  <testcase name="Given I go to the Home Page" classname="|  |  | Invalid request |" time="0"/>
  <testcase name="And I click the login link" classname="|  |  | Invalid request |" time="0"/>
  <testcase name="And I enter my email &quot;&quot; address" classname="|  |  | Invalid request |" time="0"/>
  <testcase name="And I enter my password &quot;&quot;" classname="|  |  | Invalid request |" time="0"/>
  <testcase name="When I click the login button" classname="|  |  | Invalid request |" time="0"/>
  <testcase name="Then I want to see an error &quot;Invalid request&quot; error message details" classname="|  |  | Invalid request |" time="0"/>
  <testcase name="|  |  | Invalid request |" classname="|  |  | Invalid request |" time="0"/>
  <testcase name="Given I go to the Home Page" classname="| jotesanya97@gmail.com | Bababinraders1 | James Otesanya |" time="0"/>
  <testcase name="And I click the login link" classname="| jotesanya97@gmail.com | Bababinraders1 | James Otesanya |" time="0"/>
  <testcase name="And I enter my email &quot;jotesanya97@gmail.com&quot; address" classname="| jotesanya97@gmail.com | Bababinraders1 | James Otesanya |" time="0"/>
  <testcase name="And I enter my password &quot;Bababinraders1&quot;" classname="| jotesanya97@gmail.com | Bababinraders1 | James Otesanya |" time="0"/>
  <testcase name="When I click the login button" classname="| jotesanya97@gmail.com | Bababinraders1 | James Otesanya |" time="0"/>
  <testcase name="Then I verify that &quot;James Otesanya&quot; is logged in" classname="| jotesanya97@gmail.com | Bababinraders1 | James Otesanya |" time="0"/>
  <testcase name="And I sign out" classname="| jotesanya97@gmail.com | Bababinraders1 | James Otesanya |" time="0"/>
  <testcase name="| jotesanya97@gmail.com | Bababinraders1 | James Otesanya |" classname="| jotesanya97@gmail.com | Bababinraders1 | James Otesanya |" time="0"/>
  <testcase name="Given I go to the Home Page" classname="| mike | dean | Today01 | mike dean |" time="0"/>
  <testcase name="And I click the sign up button" classname="| mike | dean | Today01 | mike dean |" time="0"/>
  <testcase name="And I enter my new email address" classname="| mike | dean | Today01 | mike dean |" time="0"/>
  <testcase name="And I enter my phone number" classname="| mike | dean | Today01 | mike dean |" time="0"/>
  <testcase name="And I verify my phone number via text message" classname="| mike | dean | Today01 | mike dean |" time="0"/>
  <testcase name="| mike | dean | Today01 | mike dean |" classname="| mike | dean | Today01 | mike dean |" time="0.004"/>
</testsuite>