<?xml version="1.0" encoding="UTF-8"?>
<testsuite xmlns:xsi="http://www.w3.org/2001/XMLSchema-instance" xsi:schemaLocation="https://maven.apache.org/surefire/maven-surefire-plugin/xsd/surefire-test-report.xsd" name="workflow1.Next.RunnerTest" time="254.975" tests="81" errors="0" skipped="0" failures="0">
  <properties>
[...]
</properties>
  <testcase name="Given I go to the Home Page" classname="| jotesanya97@gmail.com | Today01 | James |" time="0.004"/>
  <testcase name="And I click my account" classname="| jotesanya97@gmail.com | Today01 | James |" time="0"/>
  <testcase name="And I enter my email &quot;jotesanya97@gmail.com&quot; address" classname="| jotesanya97@gmail.com | Today01 | James |" time="0"/>
  <testcase name="And I enter my password &quot;Today01&quot;" classname="| jotesanya97@gmail.com | Today01 | James |" time="0"/>
  <testcase name="And I click the sign in now button" classname="| jotesanya97@gmail.com | Today01 | James |" time="0"/>
  <testcase name="When I verify that &quot;James&quot; is logged in" classname="| jotesanya97@gmail.com | Today01 | James |" time="0"/>
  <testcase name="Then I sign out" classname="| jotesanya97@gmail.com | Today01 | James |" time="0"/>
  <testcase name="| jotesanya97@gmail.com | Today01 | James |" classname="| jotesanya97@gmail.com | Today01 | James |" time="0.001"/>
  <testcase name="Given I go to the Home Page" classname="| jotesanya97@gmail.com |  | Sorry, we have been unable to sign you in. |" time="0"/>
  <testcase name="And I click my account" classname="| jotesanya97@gmail.com |  | Sorry, we have been unable to sign you in. |" time="0.001"/>
  <testcase name="And I clear the email input field" classname="| jotesanya97@gmail.com |  | Sorry, we have been unable to sign you in. |" time="0"/>
  <testcase name="And I enter my email &quot;jotesanya97@gmail.com&quot; address" classname="| jotesanya97@gmail.com |  | Sorry, we have been unable to sign you in. |" time="0"/>
  <testcase name="And I enter my password &quot;&quot;" classname="| jotesanya97@gmail.com |  | Sorry, we have been unable to sign you in. |" time="0"/>
  <testcase name="When I click the sign in now button" classname="| jotesanya97@gmail.com |  | Sorry, we have been unable to sign you in. |" time="0"/>
  <testcase name="Then I want to see an error &quot;Sorry, we have been unable to sign you in.&quot; error message details" classname="| jotesanya97@gmail.com |  | Sorry, we have been unable to sign you in. |" time="0"/>
  <testcase name="| jotesanya97@gmail.com |  | Sorry, we have been unable to sign you in. |" classname="| jotesanya97@gmail.com |  | Sorry, we have been unable to sign you in. |" time="0"/>
  <testcase name="Given I go to the Home Page" classname="|  | Bababinraders1 | Sorry, we have been unable to sign you in. |" time="0"/>
  <testcase name="And I click my account" classname="|  | Bababinraders1 | Sorry, we have been unable to sign you in. |" time="0"/>
  <testcase name="And I clear the email input field" classname="|  | Bababinraders1 | Sorry, we have been unable to sign you in. |" time="0"/>
  <testcase name="And I enter my email &quot;&quot; address" classname="|  | Bababinraders1 | Sorry, we have been unable to sign you in. |" time="0"/>
  <testcase name="And I enter my password &quot;Bababinraders1&quot;" classname="|  | Bababinraders1 | Sorry, we have been unable to sign you in. |" time="0.001"/>
  <testcase name="When I click the sign in now button" classname="|  | Bababinraders1 | Sorry, we have been unable to sign you in. |" time="0"/>
  <testcase name="Then I want to see an error &quot;Sorry, we have been unable to sign you in.&quot; error message details" classname="|  | Bababinraders1 | Sorry, we have been unable to sign you in. |" time="0"/>
  <testcase name="|  | Bababinraders1 | Sorry, we have been unable to sign you in. |" classname="|  | Bababinraders1 | Sorry, we have been unable to sign you in. |" time="0"/>
  <testcase name="Given I go to the Home Page" classname="| jotesanya97@gmail.com | yeezus | Sorry, we have been unable to sign you in. |" time="0"/>
  <testcase name="And I click my account" classname="| jotesanya97@gmail.com | yeezus | Sorry, we have been unable to sign you in. |" time="0"/>
  <testcase name="And I clear the email input field" classname="| jotesanya97@gmail.com | yeezus | Sorry, we have been unable to sign you in. |" time="0"/>
  <testcase name="And I enter my email &quot;jotesanya97@gmail.com&quot; address" classname="| jotesanya97@gmail.com | yeezus | Sorry, we have been unable to sign you in. |" time="0"/>
  <testcase name="And I enter my password &quot;yeezus&quot;" classname="| jotesanya97@gmail.com | yeezus | Sorry, we have been unable to sign you in. |" time="0"/>
  <testcase name="When I click the sign in now button" classname="| jotesanya97@gmail.com | yeezus | Sorry, we have been unable to sign you in. |" time="0"/>
  <testcase name="Then I want to see an error &quot;Sorry, we have been unable to sign you in.&quot; error message details" classname="| jotesanya97@gmail.com | yeezus | Sorry, we have been unable to sign you in. |" time="0"/>
  <testcase name="| jotesanya97@gmail.com | yeezus | Sorry, we have been unable to sign you in. |" classname="| jotesanya97@gmail.com | yeezus | Sorry, we have been unable to sign you in. |" time="0"/>
  <testcase name="Given I go to the Home Page" classname="| xxxxxxxxxx@gmail.com | Bababinraders1 | Sorry, we have been unable to sign you in. |" time="0"/>
  <testcase name="And I click my account" classname="| xxxxxxxxxx@gmail.com | Bababinraders1 | Sorry, we have been unable to sign you in. |" time="0"/>
  <testcase name="And I clear the email input field" classname="| xxxxxxxxxx@gmail.com | Bababinraders1 | Sorry, we have been unable to sign you in. |" time="0"/>
  <testcase name="And I enter my email &quot;xxxxxxxxxx@gmail.com&quot; address" classname="| xxxxxxxxxx@gmail.com | Bababinraders1 | Sorry, we have been unable to sign you in. |" time="0"/>
  <testcase name="And I enter my password &quot;Bababinraders1&quot;" classname="| xxxxxxxxxx@gmail.com | Bababinraders1 | Sorry, we have been unable to sign you in. |" time="0"/>
  <testcase name="When I click the sign in now button" classname="| xxxxxxxxxx@gmail.com | Bababinraders1 | Sorry, we have been unable to sign you in. |" time="0"/>
  <testcase name="Then I want to see an error &quot;Sorry, we have been unable to sign you in.&quot; error message details" classname="| xxxxxxxxxx@gmail.com | Bababinraders1 | Sorry, we have been unable to sign you in. |" time="0"/>
  <testcase name="| xxxxxxxxxx@gmail.com | Bababinraders1 | Sorry, we have been unable to sign you in. |" classname="| xxxxxxxxxx@gmail.com | Bababinraders1 | Sorry, we have been unable to sign you in. |" time="0"/>
  <testcase name="Given I go to the Home Page" classname="|  |  | Sorry, we have been unable to sign you in. |" time="0"/>
  <testcase name="And I click my account" classname="|  |  | Sorry, we have been unable to sign you in. |" time="0"/>
  <testcase name="And I clear the email input field" classname="|  |  | Sorry, we have been unable to sign you in. |" time="0"/>
  <testcase name="And I enter my email &quot;&quot; address" classname="|  |  | Sorry, we have been unable to sign you in. |" time="0"/>
  <testcase name="And I enter my password &quot;&quot;" classname="|  |  | Sorry, we have been unable to sign you in. |" time="0"/>
  <testcase name="When I click the sign in now button" classname="|  |  | Sorry, we have been unable to sign you in. |" time="0"/>
  <testcase name="Then I want to see an error &quot;Sorry, we have been unable to sign you in.&quot; error message details" classname="|  |  | Sorry, we have been unable to sign you in. |" time="0"/>
  <testcase name="|  |  | Sorry, we have been unable to sign you in. |" classname="|  |  | Sorry, we have been unable to sign you in. |" time="0"/>
  <testcase name="Given I go to the Home Page" classname="| mike | dean | Today01 | Mike |" time="0"/>
  <testcase name="And I click my account" classname="| mike | dean | Today01 | Mike |" time="0"/>
  <testcase name="And I click continue on the new customers side" classname="| mike | dean | Today01 | Mike |" time="0.001"/>
  <testcase name="And I enter my title" classname="| mike | dean | Today01 | Mike |" time="0"/>
  <testcase name="And I enter a firstname &quot;mike&quot;" classname="| mike | dean | Today01 | Mike |" time="0"/>
  <testcase name="And I enter a lastname &quot;dean&quot;" classname="| mike | dean | Today01 | Mike |" time="0"/>
  <testcase name="And I enter my email address" classname="| mike | dean | Today01 | Mike |" time="0"/>
  <testcase name="And I enter my password" classname="| mike | dean | Today01 | Mike |" time="0"/>
  <testcase name="And I enter my date of birth" classname="| mike | dean | Today01 | Mike |" time="0.001"/>
  <testcase name="And I enter my contact telephone number" classname="| mike | dean | Today01 | Mike |" time="0"/>
  <testcase name="And I enter my house number or name" classname="| mike | dean | Today01 | Mike |" time="0"/>
  <testcase name="And I enter my postcode" classname="| mike | dean | Today01 | Mike |" time="0"/>
  <testcase name="And I click search" classname="| mike | dean | Today01 | Mike |" time="0"/>
  <testcase name="And I click no" classname="| mike | dean | Today01 | Mike |" time="0"/>
  <testcase name="And I click on the post tick box" classname="| mike | dean | Today01 | Mike |" time="0"/>
  <testcase name="And I click on the telephone tickbox" classname="| mike | dean | Today01 | Mike |" time="0"/>
  <testcase name="And I click on the SMS tickbox" classname="| mike | dean | Today01 | Mike |" time="0.001"/>
  <testcase name="And I click on the Email tickbox" classname="| mike | dean | Today01 | Mike |" time="0"/>
  <testcase name="And I click register my account" classname="| mike | dean | Today01 | Mike |" time="0"/>
  <testcase name="And I click continue and register" classname="| mike | dean | Today01 | Mike |" time="0"/>
  <testcase name="And I click shop now" classname="| mike | dean | Today01 | Mike |" time="0.001"/>
  <testcase name="When I verify that &quot;Mike&quot; is logged in" classname="| mike | dean | Today01 | Mike |" time="0"/>
  <testcase name="Then I sign out" classname="| mike | dean | Today01 | Mike |" time="0"/>
  <testcase name="| mike | dean | Today01 | Mike |" classname="| mike | dean | Today01 | Mike |" time="0"/>
  <testcase name="Given I go to the Home Page" classname="| jotesanya97@gmail.com | Today01 | James Otesanya |" time="0"/>
  <testcase name="And I click my account" classname="| jotesanya97@gmail.com | Today01 | James Otesanya |" time="0"/>
  <testcase name="And I enter my email &quot;jotesanya97@gmail.com&quot; address" classname="| jotesanya97@gmail.com | Today01 | James Otesanya |" time="0"/>
  <testcase name="And I enter my password &quot;Today01&quot;" classname="| jotesanya97@gmail.com | Today01 | James Otesanya |" time="0"/>
  <testcase name="And I click the sign in now button" classname="| jotesanya97@gmail.com | Today01 | James Otesanya |" time="0"/>
  <testcase name="And I type &quot;Shoes&quot; in the search input box" classname="| jotesanya97@gmail.com | Today01 | James Otesanya |" time="0"/>
  <testcase name="When I click on the search button" classname="| jotesanya97@gmail.com | Today01 | James Otesanya |" time="0"/>
  <testcase name="Then I click on the item I want" classname="| jotesanya97@gmail.com | Today01 | James Otesanya |" time="0.001"/>
  <testcase name="| jotesanya97@gmail.com | Today01 | James Otesanya |" classname="| jotesanya97@gmail.com | Today01 | James Otesanya |" time="0.002"/>
</testsuite>